p/objeto_19.jpg 1 0 0 38 46
p/objeto_4.jpg 1 0 0 38 46
p/objeto_18.jpg 1 0 0 38 46
p/objeto_3.jpg 1 0 0 38 46
p/objeto_17.jpg 1 0 0 38 46
p/objeto_2.jpg 1 0 0 38 46
p/objeto_1.jpg 1 0 0 38 46
p/objeto_16.jpg 1 0 0 38 46
p/objeto_0.jpg 1 0 0 38 46
p/objeto_15.jpg 1 0 0 38 46
p/objeto_14.jpg 1 0 0 38 46
p/objeto_13.jpg 1 0 0 38 46
p/objeto_12.jpg 1 0 0 38 46
p/objeto_11.jpg 1 0 0 38 46
p/objeto_10.jpg 1 0 0 38 46
p/objeto_9.jpg 1 0 0 38 46
p/objeto_8.jpg 1 0 0 38 46
p/objeto_7.jpg 1 0 0 38 46
p/objeto_6.jpg 1 0 0 38 46
p/objeto_5.jpg 1 0 0 38 46